<?xml version="1.0" encoding="UTF-8"?>
<testng-results ignored="0" total="12" passed="11" failed="1" skipped="0">
  <reporter-output>
  </reporter-output>
  <suite started-at="2025-06-12T12:03:18 IST" name="Suite" finished-at="2025-06-12T12:10:57 IST" duration-ms="458946">
    <groups>
    </groups>
    <test started-at="2025-06-12T12:03:18 IST" name="Test" finished-at="2025-06-12T12:10:57 IST" duration-ms="458946">
      <class name="IndividualFlows.Fedwire_ExecutionsSummaryTest">
        <test-method signature="FedwireBatchExecutionSummaryResults()[pri:0, instance:IndividualFlows.Fedwire_ExecutionsSummaryTest@192c3f1e]" started-at="2025-06-12T12:08:37 IST" name="FedwireBatchExecutionSummaryResults" finished-at="2025-06-12T12:10:57 IST" duration-ms="139617" status="PASS">
          <reporter-output>
          </reporter-output>
        </test-method> <!-- FedwireBatchExecutionSummaryResults -->
      </class> <!-- IndividualFlows.Fedwire_ExecutionsSummaryTest -->
      <class name="IndividualFlows.FednowBatchTest">
        <test-method signature="Batchcreation()[pri:0, instance:IndividualFlows.FednowBatchTest@291caca8]" started-at="2025-06-12T12:03:19 IST" name="Batchcreation" finished-at="2025-06-12T12:03:25 IST" duration-ms="6671" status="PASS">
          <reporter-output>
          </reporter-output>
        </test-method> <!-- Batchcreation -->
      </class> <!-- IndividualFlows.FednowBatchTest -->
      <class name="IndividualFlows.Fednow_ExecutionsSummary">
        <test-method signature="FednowBatchExecutionSummaryResults()[pri:0, instance:IndividualFlows.Fednow_ExecutionsSummary@4c39bec8]" started-at="2025-06-12T12:04:37 IST" name="FednowBatchExecutionSummaryResults" finished-at="2025-06-12T12:06:28 IST" duration-ms="110218" status="PASS">
          <reporter-output>
          </reporter-output>
        </test-method> <!-- FednowBatchExecutionSummaryResults -->
      </class> <!-- IndividualFlows.Fednow_ExecutionsSummary -->
      <class name="IndividualFlows.FedwireBatchTest">
        <test-method signature="Batchcreation()[pri:0, instance:IndividualFlows.FedwireBatchTest@f79e]" started-at="2025-06-12T12:06:28 IST" name="Batchcreation" finished-at="2025-06-12T12:06:32 IST" duration-ms="4049" status="PASS">
          <reporter-output>
          </reporter-output>
        </test-method> <!-- Batchcreation -->
      </class> <!-- IndividualFlows.FedwireBatchTest -->
      <class name="IndividualFlows.Reports_ParticipantFileFednow">
        <test-method signature="ParticipantFile_FedNow()[pri:0, instance:IndividualFlows.Reports_ParticipantFileFednow@8c3b9d]" started-at="2025-06-12T12:04:17 IST" name="ParticipantFile_FedNow" finished-at="2025-06-12T12:04:37 IST" duration-ms="20192" status="PASS">
          <reporter-output>
          </reporter-output>
        </test-method> <!-- ParticipantFile_FedNow -->
      </class> <!-- IndividualFlows.Reports_ParticipantFileFednow -->
      <class name="IndividualFlows.Reports_BroadcastMessagesFednow">
        <test-method signature="BroadcastMessages_FedNow_PB()[pri:0, instance:IndividualFlows.Reports_BroadcastMessagesFednow@5b94b04d]" started-at="2025-06-12T12:03:54 IST" name="BroadcastMessages_FedNow_PB" finished-at="2025-06-12T12:04:17 IST" duration-ms="23009" status="PASS">
          <reporter-output>
          </reporter-output>
        </test-method> <!-- BroadcastMessages_FedNow_PB -->
      </class> <!-- IndividualFlows.Reports_BroadcastMessagesFednow -->
      <class name="IndividualFlows.Reports_BroadcastMessagesFedwire">
        <test-method signature="BroadcastMessages_Fedwire_FB()[pri:0, instance:IndividualFlows.Reports_BroadcastMessagesFedwire@1f59a598]" started-at="2025-06-12T12:07:03 IST" name="BroadcastMessages_Fedwire_FB" finished-at="2025-06-12T12:07:51 IST" duration-ms="47990" status="PASS">
          <reporter-output>
          </reporter-output>
        </test-method> <!-- BroadcastMessages_Fedwire_FB -->
        <test-method signature="BroadcastMessages_Fedwire_PB()[pri:0, instance:IndividualFlows.Reports_BroadcastMessagesFedwire@1f59a598]" started-at="2025-06-12T12:07:51 IST" name="BroadcastMessages_Fedwire_PB" finished-at="2025-06-12T12:08:13 IST" duration-ms="22197" status="PASS">
          <reporter-output>
          </reporter-output>
        </test-method> <!-- BroadcastMessages_Fedwire_PB -->
      </class> <!-- IndividualFlows.Reports_BroadcastMessagesFedwire -->
      <class name="IndividualFlows.Reports_RetrivalRequestFednow">
        <test-method signature="RetrivalRequestTest_FedNow()[pri:0, instance:IndividualFlows.Reports_RetrivalRequestFednow@385e9564]" started-at="2025-06-12T12:03:25 IST" name="RetrivalRequestTest_FedNow" finished-at="2025-06-12T12:03:54 IST" duration-ms="28888" status="PASS">
          <reporter-output>
          </reporter-output>
        </test-method> <!-- RetrivalRequestTest_FedNow -->
      </class> <!-- IndividualFlows.Reports_RetrivalRequestFednow -->
      <class name="IndividualFlows.Reports_ParticipantFileFedwire">
        <test-method signature="ParticipantFile_Fedwire()[pri:0, instance:IndividualFlows.Reports_ParticipantFileFedwire@1e178745]" started-at="2025-06-12T12:08:13 IST" name="ParticipantFile_Fedwire" finished-at="2025-06-12T12:08:37 IST" duration-ms="24258" status="FAIL">
          <exception class="org.openqa.selenium.TimeoutException">
            <message>
              <![CDATA[Expected condition failed: waiting for visibility of Proxy element for: DefaultElementLocator 'By.xpath: //div[contains(text(),'Generated Successfully')]/..' (tried for 10 second(s) with 500 milliseconds interval)]]>
            </message>
            <full-stacktrace>
              <![CDATA[org.openqa.selenium.TimeoutException: Expected condition failed: waiting for visibility of Proxy element for: DefaultElementLocator 'By.xpath: //div[contains(text(),'Generated Successfully')]/..' (tried for 10 second(s) with 500 milliseconds interval)
at org.openqa.selenium.support.ui.WebDriverWait.timeoutException(WebDriverWait.java:84)
at org.openqa.selenium.support.ui.FluentWait.until(FluentWait.java:230)
at base.BaseClass.visibleofele(BaseClass.java:608)
at com.pages.Reports_ParticpantFilePage.FedwireParticipantfile(Reports_ParticpantFilePage.java:96)
at IndividualFlows.Reports_ParticipantFileFedwire.ParticipantFile_Fedwire(Reports_ParticipantFileFedwire.java:21)
at java.base/jdk.internal.reflect.NativeMethodAccessorImpl.invoke0(Native Method)
at java.base/jdk.internal.reflect.NativeMethodAccessorImpl.invoke(NativeMethodAccessorImpl.java:77)
at java.base/jdk.internal.reflect.DelegatingMethodAccessorImpl.invoke(DelegatingMethodAccessorImpl.java:43)
at java.base/java.lang.reflect.Method.invoke(Method.java:568)
at org.testng.internal.invokers.MethodInvocationHelper.invokeMethod(MethodInvocationHelper.java:141)
at org.testng.internal.invokers.TestInvoker.invokeMethod(TestInvoker.java:686)
at org.testng.internal.invokers.TestInvoker.invokeTestMethod(TestInvoker.java:230)
at org.testng.internal.invokers.MethodRunner.runInSequence(MethodRunner.java:63)
at org.testng.internal.invokers.TestInvoker$MethodInvocationAgent.invoke(TestInvoker.java:992)
at org.testng.internal.invokers.TestInvoker.invokeTestMethods(TestInvoker.java:203)
at org.testng.internal.invokers.TestMethodWorker.invokeTestMethods(TestMethodWorker.java:154)
at org.testng.internal.invokers.TestMethodWorker.run(TestMethodWorker.java:134)
at java.base/java.util.ArrayList.forEach(ArrayList.java:1511)
at org.testng.TestRunner.privateRun(TestRunner.java:739)
at org.testng.TestRunner.run(TestRunner.java:614)
at org.testng.SuiteRunner.runTest(SuiteRunner.java:421)
at org.testng.SuiteRunner.runSequentially(SuiteRunner.java:413)
at org.testng.SuiteRunner.privateRun(SuiteRunner.java:373)
at org.testng.SuiteRunner.run(SuiteRunner.java:312)
at org.testng.SuiteRunnerWorker.runSuite(SuiteRunnerWorker.java:52)
at org.testng.SuiteRunnerWorker.run(SuiteRunnerWorker.java:95)
at org.testng.TestNG.runSuitesSequentially(TestNG.java:1274)
at org.testng.TestNG.runSuitesLocally(TestNG.java:1208)
at org.testng.TestNG.runSuites(TestNG.java:1112)
at org.testng.TestNG.run(TestNG.java:1079)
at org.testng.remote.AbstractRemoteTestNG.run(AbstractRemoteTestNG.java:115)
at org.testng.remote.RemoteTestNG.initAndRun(RemoteTestNG.java:293)
at org.testng.remote.RemoteTestNG.main(RemoteTestNG.java:91)
Caused by: org.openqa.selenium.NoSuchElementException: no such element: Unable to locate element: {"method":"xpath","selector":"//div[contains(text(),'Generated Successfully')]/.."}
  (Session info: chrome=137.0.7151.69)
For documentation on this error, please visit: https://www.selenium.dev/documentation/webdriver/troubleshooting/errors#no-such-element-exception
Build info: version: '4.11.0', revision: '040bc5406b'
System info: os.name: 'Windows 11', os.arch: 'amd64', os.version: '10.0', java.version: '17.0.12'
Driver info: org.openqa.selenium.chrome.ChromeDriver
Command: [cd69f3f8dfba44ca0f6343be55226884, findElement {using=xpath, value=//div[contains(text(),'Generated Successfully')]/..}]
Capabilities {acceptInsecureCerts: false, browserName: chrome, browserVersion: 137.0.7151.69, chrome: {chromedriverVersion: 137.0.7151.70 (dfa4dc56b2ab..., userDataDir: C:\Users\DELL\AppData\Local...}, fedcm:accounts: true, goog:chromeOptions: {debuggerAddress: localhost:49939}, networkConnectionEnabled: false, pageLoadStrategy: normal, platformName: windows, proxy: Proxy(), se:cdp: ws://localhost:49939/devtoo..., se:cdpVersion: 137.0.7151.69, setWindowRect: true, strictFileInteractability: false, timeouts: {implicit: 0, pageLoad: 300000, script: 30000}, unhandledPromptBehavior: dismiss and notify, webauthn:extension:credBlob: true, webauthn:extension:largeBlob: true, webauthn:extension:minPinLength: true, webauthn:extension:prf: true, webauthn:virtualAuthenticators: true}
Session ID: cd69f3f8dfba44ca0f6343be55226884
at java.base/jdk.internal.reflect.NativeConstructorAccessorImpl.newInstance0(Native Method)
at java.base/jdk.internal.reflect.NativeConstructorAccessorImpl.newInstance(NativeConstructorAccessorImpl.java:77)
at java.base/jdk.internal.reflect.DelegatingConstructorAccessorImpl.newInstance(DelegatingConstructorAccessorImpl.java:45)
at java.base/java.lang.reflect.Constructor.newInstanceWithCaller(Constructor.java:499)
at java.base/java.lang.reflect.Constructor.newInstance(Constructor.java:480)
at org.openqa.selenium.remote.codec.w3c.W3CHttpResponseCodec.createException(W3CHttpResponseCodec.java:200)
at org.openqa.selenium.remote.codec.w3c.W3CHttpResponseCodec.decode(W3CHttpResponseCodec.java:133)
at org.openqa.selenium.remote.codec.w3c.W3CHttpResponseCodec.decode(W3CHttpResponseCodec.java:52)
at org.openqa.selenium.remote.HttpCommandExecutor.execute(HttpCommandExecutor.java:191)
at org.openqa.selenium.remote.service.DriverCommandExecutor.invokeExecute(DriverCommandExecutor.java:196)
at org.openqa.selenium.remote.service.DriverCommandExecutor.execute(DriverCommandExecutor.java:171)
at org.openqa.selenium.remote.RemoteWebDriver.execute(RemoteWebDriver.java:518)
at org.openqa.selenium.remote.ElementLocation$ElementFinder$2.findElement(ElementLocation.java:165)
at org.openqa.selenium.remote.ElementLocation.findElement(ElementLocation.java:59)
at org.openqa.selenium.remote.RemoteWebDriver.findElement(RemoteWebDriver.java:355)
at org.openqa.selenium.remote.RemoteWebDriver.findElement(RemoteWebDriver.java:349)
at org.openqa.selenium.support.pagefactory.DefaultElementLocator.findElement(DefaultElementLocator.java:68)
at org.openqa.selenium.support.pagefactory.internal.LocatingElementHandler.invoke(LocatingElementHandler.java:38)
at jdk.proxy2/jdk.proxy2.$Proxy18.isDisplayed(Unknown Source)
at org.openqa.selenium.support.ui.ExpectedConditions.elementIfVisible(ExpectedConditions.java:304)
at org.openqa.selenium.support.ui.ExpectedConditions.access$000(ExpectedConditions.java:37)
at org.openqa.selenium.support.ui.ExpectedConditions$10.apply(ExpectedConditions.java:290)
at org.openqa.selenium.support.ui.ExpectedConditions$10.apply(ExpectedConditions.java:287)
at org.openqa.selenium.support.ui.FluentWait.until(FluentWait.java:205)
... 31 more
]]>
            </full-stacktrace>
          </exception> <!-- org.openqa.selenium.TimeoutException -->
          <reporter-output>
          </reporter-output>
        </test-method> <!-- ParticipantFile_Fedwire -->
      </class> <!-- IndividualFlows.Reports_ParticipantFileFedwire -->
      <class name="IndividualFlows.Reports_RetrivalRequestFedwire">
        <test-method signature="RetrivalRequestTest_Fedwire()[pri:0, instance:IndividualFlows.Reports_RetrivalRequestFedwire@7ee8290b]" started-at="2025-06-12T12:06:32 IST" name="RetrivalRequestTest_Fedwire" finished-at="2025-06-12T12:07:03 IST" duration-ms="31129" status="PASS">
          <reporter-output>
          </reporter-output>
        </test-method> <!-- RetrivalRequestTest_Fedwire -->
      </class> <!-- IndividualFlows.Reports_RetrivalRequestFedwire -->
      <class name="com.test.LoginTest">
        <test-method is-config="true" signature="setup()[pri:0, instance:com.test.LoginTest@75db5df9]" started-at="2025-06-12T12:03:12 IST" name="setup" finished-at="2025-06-12T12:03:18 IST" duration-ms="6192" status="PASS">
          <reporter-output>
          </reporter-output>
        </test-method> <!-- setup -->
        <test-method signature="Login()[pri:0, instance:com.test.LoginTest@75db5df9]" started-at="2025-06-12T12:03:18 IST" name="Login" finished-at="2025-06-12T12:03:19 IST" duration-ms="632" status="PASS">
          <reporter-output>
          </reporter-output>
        </test-method> <!-- Login -->
        <test-method is-config="true" signature="tearDown()[pri:0, instance:com.test.LoginTest@75db5df9]" started-at="2025-06-12T12:10:57 IST" name="tearDown" finished-at="2025-06-12T12:10:59 IST" duration-ms="1945" status="PASS">
          <reporter-output>
          </reporter-output>
        </test-method> <!-- tearDown -->
      </class> <!-- com.test.LoginTest -->
    </test> <!-- Test -->
  </suite> <!-- Suite -->
</testng-results>
